❌ Database connection failed: Error: Access denied for user 'root'@'localhost' (using password: NO)
    at Packet.asError (C:\Users\KARTHIK\OneDrive\Desktop\IT\IT_Tech_Arena_AI\server\node_modules\mysql2\lib\packets\packet.js:739:17)
    at ClientHandshake.execute (C:\Users\KARTHIK\OneDrive\Desktop\IT\IT_Tech_Arena_AI\server\node_modules\mysql2\lib\commands\command.js:29:26)
    at PoolConnection.handlePacket (C:\Users\KARTHIK\OneDrive\Desktop\IT\IT_Tech_Arena_AI\server\node_modules\mysql2\lib\base\connection.js:508:34)
    at PacketParser.onPacket (C:\Users\KARTHIK\OneDrive\Desktop\IT\IT_Tech_Arena_AI\server\node_modules\mysql2\lib\base\connection.js:93:12)
    at PacketParser.executeStart (C:\Users\KARTHIK\OneDrive\Desktop\IT\IT_Tech_Arena_AI\server\node_modules\mysql2\lib\packet_parser.js:75:16)
    at Socket.<anonymous> (C:\Users\KARTHIK\OneDrive\Desktop\IT\IT_Tech_Arena_AI\server\node_modules\mysql2\lib\base\connection.js:100:25)
    at Socket.emit (node:events:519:28)
    at addChunk (node:internal/streams/readable:561:12)
    at readableAddChunkPushByteMode (node:internal/streams/readable:512:3)
    at Readable.push (node:internal/streams/readable:392:5) {
  code: 'ER_ACCESS_DENIED_ERROR',
  errno: 1045,
  sqlState: '28000',
  sqlMessage: "Access denied for user 'root'@'localhost' (using password: NO)",
  sql: undefined
}
Login error: Error: Access denied for user 'root'@'localhost' (using password: NO)
    at PromisePool.execute (C:\Users\KARTHIK\OneDrive\Desktop\IT\IT_Tech_Arena_AI\server\node_modules\mysql2\lib\promise\pool.js:54:22)
    at <anonymous> (C:\Users\KARTHIK\OneDrive\Desktop\IT\IT_Tech_Arena_AI\server\src\routes\authRoutes.ts:23:38)
    at Layer.handle [as handle_request] (C:\Users\KARTHIK\OneDrive\Desktop\IT\IT_Tech_Arena_AI\server\node_modules\express\lib\router\layer.js:95:5)
    at next (C:\Users\KARTHIK\OneDrive\Desktop\IT\IT_Tech_Arena_AI\server\node_modules\express\lib\router\route.js:149:13)
    at Route.dispatch (C:\Users\KARTHIK\OneDrive\Desktop\IT\IT_Tech_Arena_AI\server\node_modules\express\lib\router\route.js:119:3)
    at Layer.handle [as handle_request] (C:\Users\KARTHIK\OneDrive\Desktop\IT\IT_Tech_Arena_AI\server\node_modules\express\lib\router\layer.js:95:5)
    at C:\Users\KARTHIK\OneDrive\Desktop\IT\IT_Tech_Arena_AI\server\node_modules\express\lib\router\index.js:284:15
    at Function.process_params (C:\Users\KARTHIK\OneDrive\Desktop\IT\IT_Tech_Arena_AI\server\node_modules\express\lib\router\index.js:346:12)
    at next (C:\Users\KARTHIK\OneDrive\Desktop\IT\IT_Tech_Arena_AI\server\node_modules\express\lib\router\index.js:280:10)
    at Function.handle (C:\Users\KARTHIK\OneDrive\Desktop\IT\IT_Tech_Arena_AI\server\node_modules\express\lib\router\index.js:175:3) {
  code: 'ER_ACCESS_DENIED_ERROR',
  errno: 1045,
  sql: undefined,
  sqlState: '28000',
  sqlMessage: "Access denied for user 'root'@'localhost' (using password: NO)"
}
❌ node:events:497
      throw er; // Unhandled 'error' event
      ^

Error: listen EADDRINUSE: address already in use :::5000
    at Server.setupListenHandle [as _listen2] (node:net:1940:16)
    at listenInCluster (node:net:1997:12)
    at Server.listen (node:net:2102:7)
    at <anonymous> (C:\Users\KARTHIK\OneDrive\Desktop\IT\IT_Tech_Arena_AI\server\src\index.ts:160:12)
    at ModuleJob.run (node:internal/modules/esm/module_job:345:25)
    at async onImport.tracePromise.__proto__ (node:internal/modules/esm/loader:651:26)
    at async asyncRunEntryPointWithESMLoader (node:internal/modules/run_main:117:5)
Emitted 'error' event on Server instance at:
    at emitErrorNT (node:net:1976:8)
    at process.processTicksAndRejections (node:internal/process/task_queues:90:21) {
  code: 'EADDRINUSE',
  errno: -4091,
  syscall: 'listen',
  address: '::',
  port: 5000
}

Node.js v22.19.0
node:events:497
      throw er; // Unhandled 'error' event
      ^

Error: listen EADDRINUSE: address already in use :::5000
    at Server.setupListenHandle [as _listen2] (node:net:1940:16)
    at listenInCluster (node:net:1997:12)
    at Server.listen (node:net:2102:7)
    at <anonymous> (C:\Users\KARTHIK\OneDrive\Desktop\IT\IT_Tech_Arena_AI\server\src\index.ts:160:12)
    at ModuleJob.run (node:internal/modules/esm/module_jonode:events:497
      throw er; // Unhandled 'error' event
      ^

Error: listen EADDRINUSE: address already in use :::5000
    at Server.setupListenHandle [as _listen2] (node:net:1940:16)
    at listenInCluster (node:net:1997:12)
    at Server.listen (node:net:2102:7)
    at <anonymous> (C:\Users\KARTHIK\OneDrive\Desktop\IT\IT_Tech_Arena_AI\server\src\index.ts:160:12)
    at ModuleJob.run (node:internal/modules/esm/module_job:345:25)
    at async onImportnode:events:497
      throw er; // Unhandled 'error' event
      ^

Error: listen EADDRINUSE: address already in use :::5000
    at Server.setupListenHandle [as _listen2] (node:net:1940:16)
    at listenInCluster (node:net:1997:12)
    at Server.listen (node:net:2102:7)
    at <anonymous> (C:\Users\KARTHIK\OneDrive\Desktop\IT\IT_Tech_Arena_AI\server\src\index.ts:160:12)
    at ModuleJob.run (node:internal/modules/esm/module_jonode:events:497
      throw er; // Unhandled 'error' event
      ^

Error: listen EADDRINUSE: address already in use :::5000
    at Server.setupListenHandle [as _listen2] (node:net:1940:16)
    at listenInCluster (node:net:1997:12)
    at Server.listen (node:net:2102:7)
    at <anonymous> (C:\Users\KARTHIK\OneDrive\Desktop\IT\IT_Tech_Arena_AI\server\src\index.ts:160:12)
    at ModuleJob.run (node:internal/modules/esm/module_job:345:25)
    at async onImportnode:events:497
      throw er; // Unhandled 'error' event
      ^

Error: listen EADDRINUSE: address already in use :::5000
    at Server.setupListenHandle [as _listen2] (node:net:1940:16)
    at listenInCluster (node:net:1997:12)
    at Server.listen (node:net:2102:7)
    at <anonymous> (C:\Users\KARTHIK\OneDrive\Desktop\IT\IT_Tech_Arena_AI\server\src\index.ts:160:12)
    at ModuleJob.run (node:internal/modules/esm/module_job:345:25)
    at async onImport.tracePromise.__proto__ (node:internal/modules/esm/loader:651:26)
    at async asyncRunEntryPointWithESMLoader (node:internal/modules/run_main:117:5)
Emitted 'error' event on Server instance at:
    at emitErrorNT (node:net:1976:8)
    at process.processTicksAndRejections (node:internal/process/task_queues:90:21) {
  code: 'EADDRINUSE',
  errno: -4091,
  syscall: 'listen',
  address: '::',
  port: 5000
}

Node.js v22.19.0
node:events:497
      throw er; // Unhandled 'error' event
      ^

Error: listen EADDRINUSE: address already in use :::5000
    at Server.setupListenHandle [as _listen2] (node:net:1940:16)
    at listenInCluster (node:net:1997:12)
    at Server.listen (node:net:2102:7)
    at <anonymous> (C:\Users\KARTHIK\OneDrive\Desktop\IT\IT_Tech_Arena_AI\server\src\index.ts:160:12)
    at ModuleJob.run (node:internal/modules/esm/module_job:345:25)
    at async onImport.tracePromise.__proto__ (node:internal/modules/esm/loader:651:26)
    at async asyncRunEntryPointWithESMLoader (node:internal/modules/run_main:117:5)
Emitted 'error' event on Server instance at:
    at emitErrorNT (node:net:1976:8)
    at process.processTicksAndRejections (node:internal/process/task_queues:90:21) {
  code: 'EADDRINUSE',
  errno: -4091,
  syscall: 'listen',
  address: '::',
  port: 5000
}

Node.js v22.19.0
node:events:497
      throw er; // Unhandled 'error' event
      ^

Error: listen EADDRINUSE: address already in use :::5000
    at Server.setupListenHandle [as _listen2] (node:net:1940:16)
    at listenInCluster (node:net:1997:12)
    at Server.listen (node:net:2102:7)
    at <anonymous> (C:\Users\KARTHIK\OneDrive\Desktop\IT\IT_Tech_Arena_AI\server\src\index.ts:160:12)
    at ModuleJob.run (node:internal/modules/esm/module_jonode:events:497
      throw er; // Unhandled 'error' event
      ^

Error: listen EADDRINUSE: address already in use :::5000
    at Server.setupListenHandle [as _listen2] (node:net:1940:16)
    at listenInCluster (node:net:1997:12)
    at Server.listen (node:net:2102:7)
    at <anonymous> (C:\Users\KARTHIK\OneDrive\Desktop\IT\IT_Tech_Arena_AI\server\src\index.ts:160:12)
    at ModuleJob.run (node:internal/modules/esm/module_job:345:25)
    at async onImportnode:events:497
      throw er; // Unhandled 'error' event
      ^

Error: listen EADDRINUSE: address already in use :::5000
    at Server.setupListenHandle [as _listen2] (node:net:1940:16)
    at listenInCluster (node:net:1997:12)
    at Server.listen (node:net:2102:7)
    at <anonymous> (C:\Users\KARTHIK\OneDrive\Desktop\IT\IT_Tech_Arena_AI\server\src\index.ts:160:12)
    at ModuleJob.run (node:internal/modules/esm/module_job:345:25)
    at async onImport.tracePromise.__proto__ (node:internal/modules/esm/loader:651:26)
    at async asyncRunEntryPointWithESMLoader (node:internal/modules/run_main:117:5)
Emitted 'error' event on Server instance at:
    at emitErrorNT (node:net:1976:8)
    at process.processTicksAndRejections (node:internal/process/task_queues:90:21) {
  code: 'EADDRINUSE',
  errno: -4091,
  syscall: 'listen',
  address: '::',
  port: 5000
}

Node.js v22.19.0
node:events:497
      throw er; // Unhandled 'error' event
      ^

Error: listen EADDRINUSE: address already in use :::5000
    at Server.setupListenHandle [as _listen2] (node:net:1940:16)
    at listenInCluster (node:net:1997:12)
    at Server.listen (node:net:2102:7)
    at <anonymous> (C:\Users\KARTHIK\OneDrive\Desktop\IT\IT_Tech_Arena_AI\server\src\index.ts:160:12)
    at ModuleJob.run (node:internal/modules/esm/module_jonode:events:497
      throw er; // Unhandled 'error' event
      ^

Error: listen EADDRINUSE: address already in use :::5000
    at Server.setupListenHandle [as _listen2] (node:net:1940:16)
    at listenInCluster (node:net:1997:12)
    at Server.listen (node:net:2102:7)
    at <anonymous> (C:\Users\KARTHIK\OneDrive\Desktop\IT\IT_Tech_Arena_AI\server\src\index.ts:160:12)
    at ModuleJob.run (node:internal/modules/esm/module_job:345:25)
    at async onImportnode:events:497
      throw er; // Unhandled 'error' event
      ^

Error: listen EADDRINUSE: address already in use :::5000
    at Server.setupListenHandle [as _listen2] (node:net:1940:16)
    at listenInCluster (node:net:1997:12)
    at Server.listen (node:net:2102:7)
    at <anonymous> (C:\Users\KARTHIK\OneDrive\Desktop\IT\IT_Tech_Arena_AI\server\src\index.ts:160:12)
    at ModuleJob.run (node:internal/modules/esm/module_jonode:events:497
      throw er; // Unhandled 'error' event
      ^

Error: listen EADDRINUSE: address already in use :::5000
    at Server.setupListenHandle [as _listen2] (node:net:1940:16)
    at listenInCluster (node:net:1997:12)
    at Server.listen (node:net:2102:7)
    at <anonymous> (C:\Users\KARTHIK\OneDrive\Desktop\IT\IT_Tech_Arena_AI\server\src\index.ts:160:12)
    at ModuleJob.run (node:internal/modules/esm/module_job:345:25)
    at async onImportnode:events:497
      throw er; // Unhandled 'error' event
      ^

Error: listen EADDRINUSE: address already in use :::5000
    at Server.setupListenHandle [as _listen2] (node:net:1940:16)
    at listenInCluster (node:net:1997:12)
    at Server.listen (node:net:2102:7)
    at <anonymous> (C:\Users\KARTHIK\OneDrive\Desktop\IT\IT_Tech_Arena_AI\server\src\index.ts:160:12)
    at ModuleJob.run (node:internal/modules/esm/module_job:345:25)
    at async onImport.tracePromise.__proto__ (node:internal/modules/esm/loader:651:26)
    at async asyncRunEntryPointWithESMLoader (node:internal/modules/run_main:117:5)
Emitted 'error' event on Server instance at:
    at emitErrorNT (node:net:1976:8)
    at process.processTicksAndRejections (node:internal/process/task_queues:90:21) {
  code: 'EADDRINUSE',
  errno: -4091,
  syscall: 'listen',
  address: '::',
  port: 5000
}

Node.js v22.19.0
node:events:497
      throw er; // Unhandled 'error' event
      ^

Error: listen EADDRINUSE: address already in use :::5000
    at Server.setupListenHandle [as _listen2] (node:net:1940:16)
    at listenInCluster (node:net:1997:12)
    at Server.listen (node:net:2102:7)
    at <anonymous> (C:\Users\KARTHIK\OneDrive\Desktop\IT\IT_Tech_Arena_AI\server\src\index.ts:160:12)
    at ModuleJob.run (node:internal/modules/esm/module_jonode:events:497
      throw er; // Unhandled 'error' event
      ^

Error: listen EADDRINUSE: address already in use :::5000
    at Server.setupListenHandle [as _listen2] (node:net:1940:16)
    at listenInCluster (node:net:1997:12)
    at Server.listen (node:net:2102:7)
    at <anonymous> (C:\Users\KARTHIK\OneDrive\Desktop\IT\IT_Tech_Arena_AI\server\src\index.ts:160:12)
    at ModuleJob.run (node:internal/modules/esm/module_job:345:25)
    at async onImportnode:events:497
      throw er; // Unhandled 'error' event
      ^

Error: listen EADDRINUSE: address already in use :::5000
    at Server.setupListenHandle [as _listen2] (node:net:1940:16)
    at listenInCluster (node:net:1997:12)
    at Server.listen (node:net:2102:7)
    at <anonymous> (C:\Users\KARTHIK\OneDrive\Desktop\IT\IT_Tech_Arena_AI\server\src\index.ts:160:12)
    at ModuleJob.run (node:internal/modules/esm/module_jonode:events:497
      throw er; // Unhandled 'error' event
      ^

Error: listen EADDRINUSE: address already in use :::5000
    at Server.setupListenHandle [as _listen2] (node:net:1940:16)
    at listenInCluster (node:net:1997:12)
    at Server.listen (node:net:2102:7)
    at <anonymous> (C:\Users\KARTHIK\OneDrive\Desktop\IT\IT_Tech_Arena_AI\server\src\index.ts:160:12)
    at ModuleJob.run (node:internal/modules/esm/module_job:345:25)
    at async onImportnode:events:497
      throw er; // Unhandled 'error' event
      ^

Error: listen EADDRINUSE: address already in use :::5000
    at Server.setupListenHandle [as _listen2] (node:net:1940:16)
    at listenInCluster (node:net:1997:12)
    at Server.listen (node:net:2102:7)
    at <anonymous> (C:\Users\KARTHIK\OneDrive\Desktop\IT\IT_Tech_Arena_AI\server\src\index.ts:160:12)
    at ModuleJob.run (node:internal/modules/esm/module_job:345:25)
    at async onImport.tracePromise.__proto__ (node:internal/modules/esm/loader:651:26)
    at async asyncRunEntryPointWithESMLoader (node:internal/modules/run_main:117:5)
Emitted 'error' event on Server instance at:
    at emitErrorNT (node:net:1976:8)
    at process.processTicksAndRejections (node:internal/process/task_queues:90:21) {
  code: 'EADDRINUSE',
  errno: -4091,
  syscall: 'listen',
  address: '::',
  port: 5000
}

Node.js v22.19.0
.tracePromise.__proto__ (node:internal/modules/esm/loader:651:26)
    at async asyncRunEntryPointWithESMLoader (node:internal/modules/run_main:117:5)
Emitted 'error' event on Server instance at:
    at emitErrorNT (node:net:1976:8)
    at process.processTicksAndRejections (node:internal/process/task_queues:90:21) {
  code: 'EADDRINUSE',
  errno: -4091,
  syscall: 'listen',
  address: '::',
  port: 5000
}

Node.js v22.19.0
^C^C